[    0.000000] Initializing cgroup subsys cpuset
[    0.000000] Initializing cgroup subsys cpu
[    0.000000] Initializing cgroup subsys cpuacct
[    0.000000] Linux version 4.4.0-92-generic (buildd@lcy01-17) (gcc version 5.4.0 20160609 (Ubuntu 5.4.0-6ubuntu1~16.04.4) ) #115-Ubuntu SMP Thu Aug 10 09:04:33 UTC 2017 (Ubuntu 4.4.0-92.115-generic 4.4.76)
[    0.000000] Command line: BOOT_IMAGE=/boot/vmlinuz-4.4.0-92-generic root=LABEL=cloudimg-rootfs ro console=tty1 console=ttyS0
[    0.000000] KERNEL supported cpus:
[    0.000000]   Intel GenuineIntel
[    0.000000]   AMD AuthenticAMD
[    0.000000]   Centaur CentaurHauls
[    0.000000] x86/fpu: xstate_offset[2]:  576, xstate_sizes[2]:  256
[    0.000000] x86/fpu: Supporting XSAVE feature 0x01: 'x87 floating point registers'
[    0.000000] x86/fpu: Supporting XSAVE feature 0x02: 'SSE registers'
[    0.000000] x86/fpu: Supporting XSAVE feature 0x04: 'AVX registers'
[    0.000000] x86/fpu: Enabled xstate features 0x7, context size is 832 bytes, using 'standard' format.
[    0.000000] x86/fpu: Using 'lazy' FPU context switches.
[    0.000000] e820: BIOS-provided physical RAM map:
[    0.000000] BIOS-e820: [mem 0x0000000000000000-0x000000000009fbff] usable
[    0.000000] BIOS-e820: [mem 0x000000000009fc00-0x000000000009ffff] reserved
[    0.000000] BIOS-e820: [mem 0x00000000000f0000-0x00000000000fffff] reserved
[    0.000000] BIOS-e820: [mem 0x0000000000100000-0x000000001ffeffff] usable
[    0.000000] BIOS-e820: [mem 0x000000001fff0000-0x000000001fffffff] ACPI data
[    0.000000] BIOS-e820: [mem 0x00000000fec00000-0x00000000fec00fff] reserved
[    0.000000] BIOS-e820: [mem 0x00000000fee00000-0x00000000fee00fff] reserved
[    0.000000] BIOS-e820: [mem 0x00000000fffc0000-0x00000000ffffffff] reserved
[    0.000000] NX (Execute Disable) protection: active
[    0.000000] SMBIOS 2.5 present.
[    0.000000] Hypervisor detected: KVM
[    0.000000] e820: last_pfn = 0x1fff0 max_arch_pfn = 0x400000000
[    0.000000] MTRR: Disabled
[    0.000000] x86/PAT: MTRRs disabled, skipping PAT initialization too.
[    0.000000] x86/PAT: Configuration [0-7]: WB  WT  UC- UC  WB  WT  UC- UC  
[    0.000000] CPU MTRRs all blank - virtualized system.
[    0.000000] found SMP MP-table at [mem 0x0009fff0-0x0009ffff] mapped at [ffff88000009fff0]
[    0.000000] Scanning 1 areas for low memory corruption
[    0.000000] RAMDISK: [mem 0x1ece3000-0x1f775fff]
[    0.000000] ACPI: Early table checksum verification disabled
[    0.000000] ACPI: RSDP 0x00000000000E0000 000024 (v02 VBOX  )
[    0.000000] ACPI: XSDT 0x000000001FFF0030 00003C (v01 VBOX   VBOXXSDT 00000001 ASL  00000061)
[    0.000000] ACPI: FACP 0x000000001FFF00F0 0000F4 (v04 VBOX   VBOXFACP 00000001 ASL  00000061)
[    0.000000] ACPI: DSDT 0x000000001FFF0470 0021C8 (v02 VBOX   VBOXBIOS 00000002 INTL 20160831)
[    0.000000] ACPI: FACS 0x000000001FFF0200 000040
[    0.000000] ACPI: FACS 0x000000001FFF0200 000040
[    0.000000] ACPI: APIC 0x000000001FFF0240 00005C (v02 VBOX   VBOXAPIC 00000001 ASL  00000061)
[    0.000000] ACPI: SSDT 0x000000001FFF02A0 0001CC (v01 VBOX   VBOXCPUT 00000002 INTL 20160831)
[    0.000000] No NUMA configuration found
[    0.000000] Faking a node at [mem 0x0000000000000000-0x000000001ffeffff]
[    0.000000] NODE_DATA(0) allocated [mem 0x1ffeb000-0x1ffeffff]
[    0.000000] kvm-clock: Using msrs 4b564d01 and 4b564d00
[    0.000000] kvm-clock: cpu 0, msr 0:1ffe3001, primary cpu clock
[    0.000000] kvm-clock: using sched offset of 3019482574 cycles
[    0.000000] clocksource: kvm-clock: mask: 0xffffffffffffffff max_cycles: 0x1cd42e4dffb, max_idle_ns: 881590591483 ns
[    0.000000] Zone ranges:
[    0.000000]   DMA      [mem 0x0000000000001000-0x0000000000ffffff]
[    0.000000]   DMA32    [mem 0x0000000001000000-0x000000001ffeffff]
[    0.000000]   Normal   empty
[    0.000000]   Device   empty
[    0.000000] Movable zone start for each node
[    0.000000] Early memory node ranges
[    0.000000]   node   0: [mem 0x0000000000001000-0x000000000009efff]
[    0.000000]   node   0: [mem 0x0000000000100000-0x000000001ffeffff]
[    0.000000] Initmem setup node 0 [mem 0x0000000000001000-0x000000001ffeffff]
[    0.000000] ACPI: PM-Timer IO Port: 0x4008
[    0.000000] IOAPIC[0]: apic_id 2, version 32, address 0xfec00000, GSI 0-23
[    0.000000] ACPI: INT_SRC_OVR (bus 0 bus_irq 0 global_irq 2 dfl dfl)
[    0.000000] ACPI: INT_SRC_OVR (bus 0 bus_irq 9 global_irq 9 high level)
[    0.000000] Using ACPI (MADT) for SMP configuration information
[    0.000000] smpboot: Allowing 2 CPUs, 0 hotplug CPUs
[    0.000000] PM: Registered nosave memory: [mem 0x00000000-0x00000fff]
[    0.000000] PM: Registered nosave memory: [mem 0x0009f000-0x0009ffff]
[    0.000000] PM: Registered nosave memory: [mem 0x000a0000-0x000effff]
[    0.000000] PM: Registered nosave memory: [mem 0x000f0000-0x000fffff]
[    0.000000] e820: [mem 0x20000000-0xfebfffff] available for PCI devices
[    0.000000] Booting paravirtualized kernel on KVM
[    0.000000] clocksource: refined-jiffies: mask: 0xffffffff max_cycles: 0xffffffff, max_idle_ns: 7645519600211568 ns
[    0.000000] setup_percpu: NR_CPUS:512 nr_cpumask_bits:512 nr_cpu_ids:2 nr_node_ids:1
[    0.000000] PERCPU: Embedded 33 pages/cpu @ffff88001fc00000 s98264 r8192 d28712 u1048576
[    0.000000] PV qspinlock hash table entries: 256 (order: 0, 4096 bytes)
[    0.000000] Built 1 zonelists in Node order, mobility grouping on.  Total pages: 128889
[    0.000000] Policy zone: DMA32
[    0.000000] Kernel command line: BOOT_IMAGE=/boot/vmlinuz-4.4.0-92-generic root=LABEL=cloudimg-rootfs ro console=tty1 console=ttyS0
[    0.000000] PID hash table entries: 2048 (order: 2, 16384 bytes)
[    0.000000] Memory: 485668K/523832K available (8474K kernel code, 1294K rwdata, 3984K rodata, 1488K init, 1316K bss, 38164K reserved, 0K cma-reserved)
[    0.000000] SLUB: HWalign=64, Order=0-3, MinObjects=0, CPUs=2, Nodes=1
[    0.000000] Hierarchical RCU implementation.
[    0.000000] 	Build-time adjustment of leaf fanout to 64.
[    0.000000] 	RCU restricting CPUs from NR_CPUS=512 to nr_cpu_ids=2.
[    0.000000] RCU: Adjusting geometry for rcu_fanout_leaf=64, nr_cpu_ids=2
[    0.000000] NR_IRQS:33024 nr_irqs:440 16
[    0.000000] Console: colour VGA+ 80x25
[    0.000000] console [tty1] enabled
[    0.000000] console [ttyS0] enabled
[    0.000000] tsc: Detected 2561.128 MHz processor
[    0.701197] Calibrating delay loop (skipped) preset value.. 5122.25 BogoMIPS (lpj=10244512)
[    0.702680] pid_max: default: 32768 minimum: 301
[    0.703471] ACPI: Core revision 20150930
[    0.705139] ACPI: 2 ACPI AML tables successfully acquired and loaded
[    0.712294] Security Framework initialized
[    0.732977] Yama: becoming mindful.
[    0.733643] AppArmor: AppArmor initialized
[    0.734423] Dentry cache hash table entries: 65536 (order: 7, 524288 bytes)
[    0.762929] Inode-cache hash table entries: 32768 (order: 6, 262144 bytes)
[    0.764034] Mount-cache hash table entries: 1024 (order: 1, 8192 bytes)
[    0.765050] Mountpoint-cache hash table entries: 1024 (order: 1, 8192 bytes)
[    0.768497] Initializing cgroup subsys io
[    0.769214] Initializing cgroup subsys memory
[    0.769998] Initializing cgroup subsys devices
[    0.777533] Initializing cgroup subsys freezer
[    0.778332] Initializing cgroup subsys net_cls
[    0.779090] Initializing cgroup subsys perf_event
[    0.779893] Initializing cgroup subsys net_prio
[    0.782162] Initializing cgroup subsys hugetlb
[    0.786914] Initializing cgroup subsys pids
[    0.791237] CPU: Physical Processor ID: 0
[    0.792915] CPU: Processor Core ID: 0
[    0.795079] mce: CPU supports 0 MCE banks
[    0.796933] Last level iTLB entries: 4KB 512, 2MB 8, 4MB 8
[    0.803212] Last level dTLB entries: 4KB 512, 2MB 32, 4MB 32, 1GB 0
[    0.806221] Freeing SMP alternatives memory: 32K (ffffffff820b9000 - ffffffff820c1000)
[    0.837318] ftrace: allocating 32131 entries in 126 pages
[    0.888777] smpboot: APIC(0) Converting physical 0 to logical package 0
[    0.895323] smpboot: Max logical packages: 1
[    0.901855] x2apic enabled
[    0.922471] Switched APIC routing to physical x2apic.
[    0.924482] ..TIMER: vector=0x30 apic1=0 pin1=2 apic2=-1 pin2=-1
[    1.065128] smpboot: CPU0: Intel(R) Core(TM) i5-3320M CPU @ 2.60GHz (family: 0x6, model: 0x3a, stepping: 0x9)
[    1.090045] Performance Events: unsupported p6 CPU model 58 no PMU driver, software events only.
[    1.142269] KVM setup paravirtual spinlock
[    1.147611] x86: Booting SMP configuration:
[    1.162508] .... node  #0, CPUs:      #1
[    1.171148] kvm-clock: cpu 1, msr 0:1ffe3041, secondary cpu clock
[    1.172528] mce: CPU supports 0 MCE banks
[    1.176889] x86: Booted up 1 node, 2 CPUs
[    1.203868] smpboot: Total of 2 processors activated (10244.51 BogoMIPS)
[    1.271096] devtmpfs: initialized
[    1.278425] evm: security.selinux
[    1.298720] evm: security.SMACK64
[    1.306729] evm: security.SMACK64EXEC
[    1.308885] evm: security.SMACK64TRANSMUTE
[    1.309607] evm: security.SMACK64MMAP
[    1.316874] evm: security.ima
[    1.340919] evm: security.capability
[    1.364553] clocksource: jiffies: mask: 0xffffffff max_cycles: 0xffffffff, max_idle_ns: 7645041785100000 ns
[    1.386995] futex hash table entries: 512 (order: 3, 32768 bytes)
[    1.388398] pinctrl core: initialized pinctrl subsystem
[    1.389655] RTC time: 19:13:10, date: 10/21/17
[    1.390823] NET: Registered protocol family 16
[    1.401294] cpuidle: using governor ladder
[    1.413978] cpuidle: using governor menu
[    1.490803] PCCT header not found.
[    1.508100] ACPI: bus type PCI registered
[    1.514626] acpiphp: ACPI Hot Plug PCI Controller Driver version: 0.5
[    1.517283] PCI: Using configuration type 1 for base access
[    1.540534] ACPI: Added _OSI(Module Device)
[    1.568359] ACPI: Added _OSI(Processor Device)
[    1.571797] ACPI: Added _OSI(3.0 _SCP Extensions)
[    1.572611] ACPI: Added _OSI(Processor Aggregator Device)
[    1.607252] ACPI: Executed 1 blocks of module-level executable AML code
[    1.616000] ACPI: Interpreter enabled
[    1.617995] ACPI: (supports S0 S5)
[    1.618797] ACPI: Using IOAPIC for interrupt routing
[    1.626767] PCI: Using host bridge windows from ACPI; if necessary, use "pci=nocrs" and report a bug
[    1.631965] ACPI: PCI Root Bridge [PCI0] (domain 0000 [bus 00-ff])
[    1.634512] acpi PNP0A03:00: _OSC: OS supports [ASPM ClockPM Segments MSI]
[    1.641320] acpi PNP0A03:00: _OSC failed (AE_NOT_FOUND); disabling ASPM
[    1.642611] acpi PNP0A03:00: fail to add MMCONFIG information, can't access extended PCI configuration space under this bridge.
[    1.646684] PCI host bridge to bus 0000:00
[    1.647620] pci_bus 0000:00: root bus resource [io  0x0000-0x0cf7 window]
[    1.650191] pci_bus 0000:00: root bus resource [io  0x0d00-0xffff window]
[    1.651556] pci_bus 0000:00: root bus resource [mem 0x000a0000-0x000bffff window]
[    1.653209] pci_bus 0000:00: root bus resource [mem 0x20000000-0xffdfffff window]
[    1.656754] pci_bus 0000:00: root bus resource [bus 00-ff]
[    1.659220] pci 0000:00:01.1: legacy IDE quirk: reg 0x10: [io  0x01f0-0x01f7]
[    1.661827] pci 0000:00:01.1: legacy IDE quirk: reg 0x14: [io  0x03f6]
[    1.663112] pci 0000:00:01.1: legacy IDE quirk: reg 0x18: [io  0x0170-0x0177]
[    1.664539] pci 0000:00:01.1: legacy IDE quirk: reg 0x1c: [io  0x0376]
[    1.679256] pci 0000:00:07.0: quirk: [io  0x4000-0x403f] claimed by PIIX4 ACPI
[    1.692840] pci 0000:00:07.0: quirk: [io  0x4100-0x410f] claimed by PIIX4 SMB
[    1.701905] ACPI: PCI Interrupt Link [LNKA] (IRQs 5 9 10 *11)
[    1.773769] ACPI: PCI Interrupt Link [LNKB] (IRQs 5 9 10 *11)
[    1.799870] ACPI: PCI Interrupt Link [LNKC] (IRQs 5 9 *10 11)
[    1.835657] ACPI: PCI Interrupt Link [LNKD] (IRQs 5 *9 10 11)
[    1.837059] ACPI: Enabled 2 GPEs in block 00 to 07
[    1.838882] vgaarb: setting as boot device: PCI:0000:00:02.0
[    1.841223] vgaarb: device added: PCI:0000:00:02.0,decodes=io+mem,owns=io+mem,locks=none
[    1.842627] vgaarb: loaded
[    1.843194] vgaarb: bridge control possible 0000:00:02.0
[    1.852249] SCSI subsystem initialized
[    1.867814] ACPI: bus type USB registered
[    1.868710] usbcore: registered new interface driver usbfs
[    1.881326] usbcore: registered new interface driver hub
[    1.912431] usbcore: registered new device driver usb
[    1.914169] PCI: Using ACPI for IRQ routing
[    1.931262] NetLabel: Initializing
[    1.963507] NetLabel:  domain hash size = 128
[    2.000831] NetLabel:  protocols = UNLABELED CIPSOv4
[    2.048875] NetLabel:  unlabeled traffic allowed by default
[    2.101443] amd_nb: Cannot enumerate AMD northbridges
[    2.148004] clocksource: Switched to clocksource kvm-clock
[    2.202676] AppArmor: AppArmor Filesystem Enabled
[    2.235426] pnp: PnP ACPI init
[    2.268060] pnp: PnP ACPI: found 3 devices
[    2.302415] clocksource: acpi_pm: mask: 0xffffff max_cycles: 0xffffff, max_idle_ns: 2085701024 ns
[    2.389097] NET: Registered protocol family 2
[    2.405958] TCP established hash table entries: 4096 (order: 3, 32768 bytes)
[    2.431607] TCP bind hash table entries: 4096 (order: 4, 65536 bytes)
[    2.432610] TCP: Hash tables configured (established 4096 bind 4096)
[    2.433587] UDP hash table entries: 256 (order: 1, 8192 bytes)
[    2.434495] UDP-Lite hash table entries: 256 (order: 1, 8192 bytes)
[    2.435506] NET: Registered protocol family 1
[    2.436275] pci 0000:00:00.0: Limiting direct PCI/PCI transfers
[    2.441671] pci 0000:00:01.0: Activating ISA DMA hang workarounds
[    2.482478] Unpacking initramfs...
[    4.188465] Freeing initrd memory: 10828K (ffff88001ece3000 - ffff88001f776000)
[    4.197264] RAPL PMU detected, API unit is 2^-32 Joules, 3 fixed counters 10737418240 ms ovfl timer
[    4.199053] hw unit of domain pp0-core 2^-0 Joules
[    4.199865] hw unit of domain package 2^-0 Joules
[    4.200719] hw unit of domain pp1-gpu 2^-0 Joules
[    4.204667] platform rtc_cmos: registered platform RTC device (no PNP device found)
[    4.206027] Scanning for low memory corruption every 60 seconds
[    4.207670] audit: initializing netlink subsys (disabled)
[    4.228043] audit: type=2000 audit(1508613195.992:1): initialized
[    4.229557] Initialise system trusted keyring
[    4.230872] HugeTLB registered 2 MB page size, pre-allocated 0 pages
[    4.234746] zbud: loaded
[    4.237083] VFS: Disk quotas dquot_6.6.0
[    4.238050] VFS: Dquot-cache hash table entries: 512 (order 0, 4096 bytes)
[    4.239774] squashfs: version 4.0 (2009/01/31) Phillip Lougher
[    4.242608] fuse init (API version 7.23)
[    4.243759] Key type big_key registered
[    4.245865] Allocating IMA MOK and blacklist keyrings.
[    4.248547] Key type asymmetric registered
[    4.252867] Asymmetric key parser 'x509' registered
[    4.253984] Block layer SCSI generic (bsg) driver version 0.4 loaded (major 249)
[    4.276867] io scheduler noop registered
[    4.285333] io scheduler deadline registered (default)
[    4.286219] io scheduler cfq registered
[    4.287016] pci_hotplug: PCI Hot Plug PCI Core version: 0.5
[    4.287903] pciehp: PCI Express Hot Plug Controller Driver version: 0.4
[    4.289068] ACPI: AC Adapter [AC] (off-line)
[    4.296635] input: Power Button as /devices/LNXSYSTM:00/LNXPWRBN:00/input/input0
[    4.318739] ACPI: Power Button [PWRF]
[    4.321855] input: Sleep Button as /devices/LNXSYSTM:00/LNXSLPBN:00/input/input1
[    4.355515] ACPI: Sleep Button [SLPF]
[    4.362255] GHES: HEST is not enabled!
[    4.362935] ACPI: Battery Slot [BAT0] (battery present)
[    4.385436] Serial: 8250/16550 driver, 32 ports, IRQ sharing enabled
[    4.423822] 00:02: ttyS0 at I/O 0x3f8 (irq = 4, base_baud = 115200) is a 16550A
[    4.457368] Linux agpgart interface v0.103
[    4.491469] loop: module loaded
[    4.510416] scsi host0: ata_piix
[    4.544886] scsi host1: ata_piix
[    4.577673] ata1: PATA max UDMA/33 cmd 0x1f0 ctl 0x3f6 bmdma 0xd000 irq 14
[    4.578710] ata2: PATA max UDMA/33 cmd 0x170 ctl 0x376 bmdma 0xd008 irq 15
[    4.580284] libphy: Fixed MDIO Bus: probed
[    4.582090] tun: Universal TUN/TAP device driver, 1.6
[    4.597174] tun: (C) 1999-2004 Max Krasnyansky <maxk@qualcomm.com>
[    4.598722] PPP generic driver version 2.4.2
[    4.601305] ehci_hcd: USB 2.0 'Enhanced' Host Controller (EHCI) Driver
[    4.602670] ehci-pci: EHCI PCI platform driver
[    4.603702] ehci-platform: EHCI generic platform driver
[    4.604879] ohci_hcd: USB 1.1 'Open' Host Controller (OHCI) Driver
[    4.606177] ohci-pci: OHCI PCI platform driver
[    4.607159] ohci-platform: OHCI generic platform driver
[    4.608307] uhci_hcd: USB Universal Host Controller Interface driver
[    4.609695] i8042: PNP: PS/2 Controller [PNP0303:PS2K,PNP0f03:PS2M] at 0x60,0x64 irq 1,12
[    4.611875] serio: i8042 KBD port at 0x60,0x64 irq 1
[    4.612976] serio: i8042 AUX port at 0x60,0x64 irq 12
[    4.614410] mousedev: PS/2 mouse device common for all mice
[    4.616159] input: AT Translated Set 2 keyboard as /devices/platform/i8042/serio0/input/input2
[    4.618584] rtc_cmos rtc_cmos: rtc core: registered rtc_cmos as rtc0
[    4.620012] rtc_cmos rtc_cmos: alarms up to one day, 114 bytes nvram
[    4.621424] i2c /dev entries driver
[    4.622335] device-mapper: uevent: version 1.0.3
[    4.627298] device-mapper: ioctl: 4.34.0-ioctl (2015-10-28) initialised: dm-devel@redhat.com
[    4.629227] ledtrig-cpu: registered to indicate activity on CPUs
[    4.636550] NET: Registered protocol family 10
[    4.649702] NET: Registered protocol family 17
[    4.658039] Key type dns_resolver registered
[    4.659034] microcode: CPU0 sig=0x306a9, pf=0x2, revision=0x19
[    4.661088] microcode: CPU1 sig=0x306a9, pf=0x2, revision=0x19
[    4.662450] microcode: Microcode Update Driver: v2.01 <tigran@aivazian.fsnet.co.uk>, Peter Oruba
[    4.664269] registered taskstats version 1
[    4.675158] Loading compiled-in X.509 certificates
[    4.677788] Loaded X.509 cert 'Build time autogenerated kernel key: 01a2b0d0dba8d37a863918580fc16590a7d146c8'
[    4.679382] zswap: loaded using pool lzo/zbud
[    4.724002] Key type trusted registered
[    4.757498] Key type encrypted registered
[    4.782836] AppArmor: AppArmor sha1 policy hashing enabled
[    4.792225] ima: No TPM chip found, activating TPM-bypass!
[    4.810096] evm: HMAC attrs: 0x1
[    4.813605]   Magic number: 5:786:243
[    4.823462] rtc_cmos rtc_cmos: setting system clock to 2017-10-21 19:13:13 UTC (1508613193)
[    4.835814] BIOS EDD facility v0.16 2004-Jun-25, 0 devices found
[    4.838464] EDD information not available.
[    4.859626] Freeing unused kernel memory: 1488K (ffffffff81f45000 - ffffffff820b9000)
[    4.897566] Write protecting the kernel read-only data: 14336k
[    4.899149] Freeing unused kernel memory: 1752K (ffff88000184a000 - ffff880001a00000)
[    4.933273] Freeing unused kernel memory: 112K (ffff880001de4000 - ffff880001e00000)
Loading, please wait...
starting version[    4.962653] random: systemd-udevd: uninitialized urandom read (16 bytes read, 2 bits of entropy available)
 229
[    4.963501] random: udevadm: uninitialized urandom read (16 bytes read, 2 bits of entropy available)
[    4.963557] random: udevadm: uninitialized urandom read (16 bytes read, 2 bits of entropy available)
[    4.963723] random: udevadm: uninitialized urandom read (16 bytes read, 2 bits of entropy available)
[    4.963788] random: udevadm: uninitialized urandom read (16 bytes read, 2 bits of entropy available)
[    4.963849] random: udevadm: uninitialized urandom read (16 bytes read, 2 bits of entropy available)
[    4.963910] random: udevadm: uninitialized urandom read (16 bytes read, 2 bits of entropy available)
[    4.963971] random: udevadm: uninitialized urandom read (16 bytes read, 2 bits of entropy available)
[    4.964031] random: udevadm: uninitialized urandom read (16 bytes read, 2 bits of entropy available)
[    4.964091] random: udevadm: uninitialized urandom read (16 bytes read, 2 bits of entropy available)
[    5.095569] e1000: Intel(R) PRO/1000 Network Driver - version 7.3.21-k8-NAPI
[    5.103870] e1000: Copyright (c) 1999-2006 Intel Corporation.
[    5.127244] Fusion MPT base driver 3.04.20
[    5.136577] Copyright (c) 1999-2008 LSI Corporation
[    5.142103] Fusion MPT SPI Host driver 3.04.20
[    5.210952] clocksource: tsc: mask: 0xffffffffffffffff max_cycles: 0x24eacb0ce06, max_idle_ns: 440795275689 ns
[    5.235091] AVX version of gcm_enc/dec engaged.
[    5.241645] AES CTR mode by8 optimization enabled
[    5.325472] input: ImExPS/2 Generic Explorer Mouse as /devices/platform/i8042/serio1/input/input4
[    5.548595] e1000 0000:00:03.0 eth0: (PCI:33MHz:32-bit) 02:2b:21:2a:21:0d
[    5.660358] e1000 0000:00:03.0 eth0: Intel(R) PRO/1000 Network Connection
[    6.191255] e1000 0000:00:08.0 eth1: (PCI:33MHz:32-bit) 08:00:27:c3:2a:34
[    6.369400] e1000 0000:00:08.0 eth1: Intel(R) PRO/1000 Network Connection
[    6.542476] e1000 0000:00:08.0 enp0s8: renamed from eth1
[    6.544402] mptbase: ioc0: Initiating bringup
[    6.928436] e1000 0000:00:03.0 enp0s3: renamed from eth0
[    6.968913] ioc0: LSI53C1030 A0: Capabilities={Initiator}
[    7.160026] scsi host2: ioc0: LSI53C1030 A0, FwRev=00000000h, Ports=1, MaxQ=256, IRQ=20
[    7.308504] scsi 2:0:0:0: Direct-Access     VBOX     HARDDISK         1.0  PQ: 0 ANSI: 5
[    7.332783] scsi target2:0:0: Beginning Domain Validation
[    7.375258] scsi target2:0:0: Domain Validation skipping write tests
[    7.410194] scsi target2:0:0: Ending Domain Validation
[    7.453193] scsi target2:0:0: asynchronous
[    7.454317] scsi 2:0:1:0: Direct-Access     VBOX     HARDDISK         1.0  PQ: 0 ANSI: 5
[    7.497669] scsi target2:0:1: Beginning Domain Validation
[    7.524117] scsi target2:0:1: Domain Validation skipping write tests
[    7.525090] scsi target2:0:1: Ending Domain Validation
[    7.525955] scsi target2:0:1: asynchronous
[    7.532110] sd 2:0:0:0: [sda] 20971520 512-byte logical blocks: (10.7 GB/10.0 GiB)
[    7.532302] sd 2:0:0:0: Attached scsi generic sg0 type 0
[    7.532739] sd 2:0:1:0: Attached scsi generic sg1 type 0
[    7.532981] sd 2:0:1:0: [sdb] 20480 512-byte logical blocks: (10.5 MB/10.0 MiB)
[    7.533092] sd 2:0:1:0: [sdb] Write Protect is off
[    7.533189] sd 2:0:1:0: [sdb] Incomplete mode parameter data
[    7.533190] sd 2:0:1:0: [sdb] Assuming drive cache: write through
[    7.539782] sd 2:0:1:0: [sdb] Attached SCSI disk
[    7.575105] sd 2:0:0:0: [sda] Write Protect is off
[    7.576577] sd 2:0:0:0: [sda] Incomplete mode parameter data
[    7.577845] sd 2:0:0:0: [sda] Assuming drive cache: write through
[    7.580930]  sda: sda1
[    7.584307] sd 2:0:0:0: [sda] Attached SCSI disk
[    8.152220] floppy0: no floppy controllers found
Begin: Loading e[    9.720203] md: linear personality registered for level -1
ssential drivers ... [    9.765233] md: multipath personality registered for level -4
[    9.775702] md: raid0 personality registered for level 0
[    9.788866] md: raid1 personality registered for level 1
[    9.896047] raid6: sse2x1   gen()  8493 MB/s
[    9.972177] raid6: sse2x1   xor()  6660 MB/s
[   10.044199] raid6: sse2x2   gen() 10543 MB/s
[   10.116209] raid6: sse2x2   xor()  7508 MB/s
[   10.184174] raid6: sse2x4   gen() 12280 MB/s
[   10.256184] raid6: sse2x4   xor()  9051 MB/s
[   10.259044] raid6: using algorithm sse2x4 gen() 12280 MB/s
[   10.261317] raid6: .... xor() 9051 MB/s, rmw enabled
[   10.262344] raid6: using ssse3x2 recovery algorithm
[   10.264706] xor: automatically using best checksumming function:
[   10.304153]    avx       : 21763.000 MB/sec
[   10.309823] async_tx: api initialized (async)
[   10.440555] md: raid6 personality registered for level 6
[   10.451462] md: raid5 personality registered for level 5
[   10.453754] md: raid4 personality registered for level 4
[   10.463852] md: raid10 personality registered for level 10
done.
Begin: Running /scripts/init-premount ... done.
Begin: Mounting root file system ... Begin: Running /scripts/local-top ... done.
Begin: Running /scripts/local-premount ... [   10.517314] Btrfs loaded
Scanning for Btrfs filesystems
done.
Warning: fsck no[   10.584849] EXT4-fs (sda1): mounted filesystem with ordered data mode. Opts: (null)
t present, so skipping root file system
done.
Begin: Running /scripts/local-bottom ... done.
Begin: Running /scripts/init-bottom ... done.
[   10.755458] systemd[1]: systemd 229 running in system mode. (+PAM +AUDIT +SELINUX +IMA +APPARMOR +SMACK +SYSVINIT +UTMP +LIBCRYPTSETUP +GCRYPT +GNUTLS +ACL +XZ -LZ4 +SECCOMP +BLKID +ELFUTILS +KMOD -IDN)
[   00.838217] systemd[1]: Detected virtualization oracle.
[   11.058812] systemd[1]: Detected architecture x86-64.

Welcome to [1mUbuntu 16.04.3 LTS[0m!

[   11.150988] systemd[1]: Set hostname to <ubuntu>.
[   11.243450] systemd[1]: Initializing machine ID from random generator.
[   11.423646] systemd[1]: Installed transient /etc/machine-id file.
[   11.745357] systemd[1]: Listening on udev Kernel Socket.
[[0;32m  OK  [0m] Listening on udev Kernel Socket.
[   11.765800] systemd[1]: Listening on LVM2 poll daemon socket.
[[0;32m  OK  [0m] Listening on LVM2 poll daemon socket.
[   11.770109] systemd[1]: Listening on Syslog Socket.
[[0;32m  OK  [0m] Listening on Syslog Socket.
[   11.772829] systemd[1]: Reached target Swap.
[[0;32m  OK  [0m] Reached target Swap.
[   11.776448] systemd[1]: Set up automount Arbitrary Executable File Formats File System Automount Point.
[[0;32m  OK  [0m] Set up automount Arbitrary Executab...ats File System Automount Point.
[   11.781475] systemd[1]: Reached target User and Group Name Lookups.
[[0;32m  OK  [0m] Reached target User and Group Name Lookups.
[   11.784478] systemd[1]: Listening on Journal Audit Socket.
[[0;32m  OK  [0m] Listening on Journal Audit Socket.
[   11.786931] systemd[1]: Listening on Journal Socket (/dev/log).
[[0;32m  OK  [0m] Listening on Journal Socket (/dev/log).
[   11.930737] systemd[1]: Started Forward Password Requests to Wall Directory Watch.
[[0;32m  OK  [0m] Started Forward Password Requests to Wall Directory Watch.
[   11.992856] systemd[1]: Listening on Device-mapper event daemon FIFOs.
[[0;32m  OK  [0m] Listening on Device-mapper event daemon FIFOs.
[   12.129358] systemd[1]: Created slice User and Session Slice.
[[0;32m  OK  [0m] Created slice User and Session Slice.
[   12.236399] systemd[1]: Listening on udev Control Socket.
[[0;32m  OK  [0m] Listening on udev Control Socket.
[   12.369166] systemd[1]: Listening on Journal Socket.
[[0;32m  OK  [0m] Listening on Journal Socket.
[   12.535937] systemd[1]: Reached target Encrypted Volumes.
[[0;32m  OK  [0m] Reached target Encrypted Volumes.
[   12.632357] systemd[1]: Listening on LVM2 metadata daemon socket.
[[0;32m  OK  [0m] Listening on LVM2 metadata daemon socket.
[   12.639501] systemd[1]: Created slice System Slice.
[[0;32m  OK  [0m] Created slice System Slice.
[   12.656530] systemd[1]: Starting Nameserver information manager...
         Starting Nameserver information manager...
[   12.677442] systemd[1]: Starting Journal Service...
         Starting Journal Service...
[   12.700743] systemd[1]: Starting Create list of required static device nodes for the current kernel...
         Starting Create list of required st... nodes for the current kernel...
[   12.768482] systemd[1]: Starting Set console keymap...
         Starting Set console keymap...
[   12.833771] systemd[1]: Starting Monitoring of LVM2 mirrors, snapshots etc. using dmeventd or progress polling...
         Starting Monitoring of LVM2 mirrors... dmeventd or progress polling...
[   12.896308] systemd[1]: Starting Load Kernel Modules...
         [   12.920306] Loading iSCSI transport class v2.0-870.
Starting Load Kernel Modules...
[   12.927134] systemd[1]: Mounting POSIX Message Queue File System...
         Mountin[   12.935874] random: nonblocking pool is initialized
g POSIX Message Queue File System...
[   12.986071] iscsi: registered transport (tcp)
[   12.992369] systemd[1]: Reached target Slices.
[[0;32m  OK  [0m] Reached target Slices.
[   13.021011] iscsi: registered transport (iser)
[   13.080518] systemd[1]: Starting Uncomplicated firewall...
         Starting Uncomplicated firewall...
[   13.113731] systemd[1]: Mounting Debug File System...
         Mounting Debug File System...
[   13.184863] systemd[1]: Starting Remount Root and Kernel File Systems...
         [   13.254691] EXT4-fs (sda1): re-mounted. Opts: (null)
Starting Remount Root and Kernel File Systems...
[   13.301763] systemd[1]: Created slice system-serial\x2dgetty.slice.
[[0;32m  OK  [0m] Created slice system-serial\x2dgetty.slice.
[   13.348610] systemd[1]: Listening on /dev/initctl Compatibility Named Pipe.
[[0;32m  OK  [0m] Listening on /dev/initctl Compatibility Named Pipe.
[   13.408996] systemd[1]: Mounting Huge Pages File System...
         Mounting Huge Pages File System...
[   13.514297] systemd[1]: Started Trigger resolvconf update for networkd DNS.
[[0;32m  OK  [0m] Started Trigger resolvconf update for networkd DNS.
[   13.537958] systemd[1]: Mounted POSIX Message Queue File System.
[[0;32m  OK  [0m] Mounted POSIX Message Queue File System.
[   13.549940] systemd[1]: Mounted Debug File System.
[[0;32m  OK  [0m] Mounted Debug File System.
[   13.552297] systemd[1]: Mounted Huge Pages File System.
[[0;32m  OK  [0m] Mounted Huge Pages File System.
[   13.565678] systemd[1]: Started Journal Service.
[[0;32m  OK  [0m] Started Journal Service.
[[0;32m  OK  [0m] Started Create list of required sta...ce nodes for the current kernel.
[[0;32m  OK  [0m] Started Set console keymap.
[[0;32m  OK  [0m] Started Load Kernel Modules.
[[0;32m  OK  [0m] Started Uncomplicated firewall.
[[0;32m  OK  [0m] Started Remount Root and Kernel File Systems.
[[0;32m  OK  [0m] Started Nameserver information manager.
[[0;32m  OK  [0m] Started LVM2 metadata daemon.
         Starting Initial cloud-init job (pre-networking)...
         Starting Load/Save Random Seed...
         Starting udev Coldplug all Devices...
         Starting Apply Kernel Variables...
         Mounting FUSE Control File System...
         Starting Create Static Device Nodes in /dev...
         Starting Flush Journal to Persistent Storage...
[[0;32m  OK  [0m] Mounted FUSE Control File System.
[[0;32m  OK  [0m] Started Load/Save Random Seed.
[[0;32m  OK  [0m] Started Apply Kernel Variables.
[[0;32m  OK  [0m] Started Create Static Device Nodes in /dev.
[[0;32m  OK  [0m] Started udev Coldplug all Devices.
[[0;32m  OK  [0m] Started Flush Journal to Persistent Storage.
         Starting udev Kernel Device Manager...
[[0;32m  OK  [0m] Started Monitoring of LVM2 mirrors,...ng dmeventd or progress polling.
[[0;32m  OK  [0m] Started udev Kernel Device Manager.
[[0;32m  OK  [0m] Started Dispatch Password Requests to Console Directory Watch.
[[0;32m  OK  [0m] Reached target Local File Systems (Pre).
[[0;32m  OK  [0m] Reached target Local File Systems.
         Starting Set console font and keymap...
         Starting Create Volatile Files and Directories...
         Starting Commit a transient machine-id on disk...
         Starting LSB: AppArmor initialization...
         Starting Tell Plymouth To Write Out Runtime Data...
[[0;32m  OK  [0m] Started Create Volatile Files and Directories.
[[0;32m  OK  [0m] Started Tell Plymouth To Write Out Runtime Data.
[[0;32m  OK  [0m] Started Commit a transient machine-id on disk.
[[0;32m  OK  [0m] Reached target System Time Synchronized.
         Starting Update UTMP about System Boot/Shutdown...
[[0;32m  OK  [0m] Found device /dev/ttyS0.
[[0;32m  OK  [0m] Started Update UTMP about System Boot/Shutdown.
[[0;32m  OK  [0m] Listening on Load/Save RF Kill Switch Status /dev/rfkill Watch.
[   13.494176] [[0;32m  OK  [0m] Started Initial cloud-init job (pre-networking).
[[0;32m  OK  [0m] Reached target Network (Pre).
cloud-init[438]: Cloud-init v. 0.7.9 running 'init-local' at Sat, 21 Oct 2017 19:13:23 +0000. Up 13.04 seconds.
[[0;32m  OK  [0m] Started LSB: AppArmor initialization.
         Starting Raise network interfaces...
[[0;32m  OK  [0m] Started Set console font and keymap.
[[0;32m  OK  [0m] Created slice system-getty.slice.
[[0;32m  OK  [0m] Started Raise network interfaces.
         Starting Initial cloud-init job (metadata service crawler)...
[[0;32m  OK  [0m] Reached target Network.
[   16.733844] cloud-init[945]: Cloud-init v. 0.7.9 running 'init' at Sat, 21 Oct 2017 19:13:26 +0000. Up 16.06 seconds.
[   16.788571] cloud-init[945]: ci-info: ++++++++++++++++++++++++++++++++++++++Net device info++++++++++++++++++++++++++++++++++++++
[   16.788851] cloud-init[945]: ci-info: +--------+-------+----------------------------+---------------+-------+-------------------+
[[0;32m  OK  [0m] Started Initial cloud-init job (metadata service crawler).
[   16.789018] cloud-init[945]: ci-info: | Device |   Up  |          Address           |      Mask     | Scope |     Hw-Address    |
[   16.817615] cloud-init[945]: ci-info: +--------+-------+----------------------------+---------------+-------+-------------------+
[   16.821692] cloud-init[945]: ci-info: | enp0s3 |  True |         10.0.2.15          | 255.255.255.0 |   .   | 02:2b:21:2a:21:0d |
[[0;32m  OK  [0m] Reached target Network is Online.
[   16.822137] cloud-init[945]: ci-info: | enp0s3 |  True | fe80::2b:21ff:fe2a:210d/64 |       .       |  link | 02:2b:21:2a:21:0d |
[   16.876697] cloud-init[945]: ci-info: | enp0s8 | False |             .              |       .       |   .   | 08:00:27:c3:2a:34 |
[   16.877370] cloud-init[945]: ci-info: |   lo   |  True |         127.0.0.1          |   255.0.0.0   |   .   |         .         |
         Starting iSCSI initiator daemon (iscsid)...
[   16.877615] cloud-init[945]: ci-info: |   lo   |  True |          ::1/128           |       .       |  host |         .         |
[   16.903773] cloud-init[945]: ci-info: +--------+-------+----------------------------+---------------+-------+-------------------+
[   16.904049] cloud-init[945]: ci-info: +++++++++++++++++++++++++++Route IPv4 info++++++++++++++++++++++++++++
[   16.904233] cloud-init[945]: ci-info: +-------+-------------+----------+---------------+-----------+-------+
[   16.904433] cloud-init[945]: ci-info: | Route | Destination | Gateway  |    Genmask    | Interface | Flags |
[   16.904646] cloud-init[945]: ci-info: +-------+-------------+----------+---------------+-----------+-------+
[   16.904849] cloud-init[945]: ci-info: |   0   |   0.0.0.0   | 10.0.2.2 |    0.0.0.0    |   enp0s3  |   UG  |
[   16.905065] cloud-init[945]: ci-info: |   1   |   10.0.2.0  | 0.0.0.0  | 255.255.255.0 |   enp0s3  |   U   |
[   16.905277] cloud-init[945]: ci-info: +-------+-------------+----------+---------------+-----------+-------+
[   16.905475] cloud-init[945]: Generating public/private rsa key pair.
[   16.905681] cloud-init[945]: Your identification has been saved in /etc/ssh/ssh_host_rsa_key.
[   16.905892] cloud-init[945]: Your public key has been saved in /etc/ssh/ssh_host_rsa_key.pub.
[   16.906174] cloud-init[945]: The key fingerprint is:
[   16.906452] cloud-init[945]: SHA256:bJ6w56eIzwhyDPyOp2HEzBl/97PaTS8tZXvk6YCptG0 root@ubuntu-xenial
[   16.906690] cloud-init[945]: The key's randomart image is:
[   16.906970] cloud-init[945]: +---[RSA 2048]----+
[[0;32m  OK  [0m] Reached target Cloud-config availability.
[   16.907234] cloud-init[945]: |                 |
[   17.031982] cloud-init[945]: |                 |
[   17.032842] cloud-init[945]: | .               |
[[0;32m  OK  [0m] Reached target System Initialization.
[[   17.033740] cloud-init[945]: |= +    .         |
[   17.068344] cloud-init[945]: |.B . ...S        |
[   17.068934] cloud-init[945]: |.o. . .=..  oo . |
[0;32m  OK  [0m] Listening on D-Bus System Message Bus Socket.
[   17.069337] cloud-init[945]: |.o+.  . ++ ++.+ .|
         Starting Socket activation for snappy daemon.
[   17.074802] cloud-init[945]: |.o+o + +o XE.o.+ |
[   17.090366] cloud-init[945]: | oo.o.+.+B.oo.o. |
[   17.090859] cloud-init[945]: +----[SHA256]-----+
[   17.091187] cloud-init[945]: Generating public/private dsa key pair.
[   17.091475] cloud-init[945]: Your identification has been saved in /etc/ssh/ssh_host_dsa_key.
[   17.091747] cloud-init[945]: Your public key has been saved in /etc/ssh/ssh_host_dsa_key.pub.
[   17.092023] cloud-init[945]: The key fingerprint is:
[[0;32m  OK  [0m] Started ACPI Events Check.
[   17.092529] cloud-init[945]: SHA256:zmIJhn73PL0urKAQdby9nGXyXZNPORkolzqvlTKcI54 root@ubuntu-xenial
[   17.235026] cloud-init[945]: The key's randomart image is:
[[0;32m  OK  [0m] Reached target Paths.
[   17.235388] cloud-init[945]: +---[DSA 1024]----+
[   17.304828] cloud-init[945]: |                 |
[   17.305723] cloud-init[945]: |   .         o   |
         Starting LXD - unix socket.
[   17.306114] cloud-init[945]: |  . o     . + .  |
[   17.386314] cloud-init[945]: | . o o     + . + |
[[0;32m  OK  [0m] Listening on ACPID Listen Socket.
[[   17.386782] cloud-init[945]: |. . + o S o + =  |
[   17.405858] cloud-init[945]: | o . o @ o = = . |
[0;32m  OK  [0m] Started Daily apt download activities.
[[   17.406148] cloud-init[945]: |. . o O.=.B + .  |
[   17.448259] cloud-init[945]: | . o + =+o.*     |
[   17.448571] cloud-init[945]: |  .   ..E++.     |
[   17.449073] cloud-init[945]: +----[SHA256]-----+
[   17.449526] cloud-init[945]: Generating public/private ecdsa key pair.
[   17.449974] cloud-init[945]: Your identification has been saved in /etc/ssh/ssh_host_ecdsa_key.
[   17.450224] cloud-init[945]: Your public key has been saved in /etc/ssh/ssh_host_ecdsa_key.pub.
[   17.450485] cloud-init[945]: The key fingerprint is:
[   17.450750] cloud-init[945]: SHA256:qzdhbDwXAnU2TVgCrh27u1/sf05vb7M4EeEyJ++CCeo root@ubuntu-xenial
[0;32m  OK  [0m] Listening on UUID daemon activation socket.
[[   17.451014] cloud-init[945]: The key's randomart image is:
[   17.612758] cloud-init[945]: +---[ECDSA 256]---+
[0;32m  OK  [0m] Started Timer to automatically refresh installed snaps.
[[   17.613128] cloud-init[945]: |       .o.==o    |
[   17.690513] cloud-init[945]: |      .. o.o..   |
[   17.690855] cloud-init[945]: |       .o   . .  |
[0;32m  OK  [0m] Started Daily Cleanup of Temporary Directories.
[[   17.691346] cloud-init[945]: |       o.o.+ +   |
[   17.699689] cloud-init[945]: |      .oS. .* .  |
[   17.699947] cloud-init[945]: |       .Bo.. o   |
[0;32m  OK  [0m] Started Daily apt upgrade and clean activities.
[   17.700322] cloud-init[945]: |      .o++o + . .|
[   17.733269] cloud-init[945]: |     . .o+ + o.o=|
[[0;32m  OK  [0m] Reached target Timers.
[   17.733404] cloud-init[945]: |    .E..o+. ooo*B|
[[0;32m  OK  [0m[   17.825526] cloud-init[945]: +----[SHA256]-----+
[   17.826551] cloud-init[945]: Generating public/private ed25519 key pair.
] Listening on Socket activation for snappy daemon.
[[0;32m  OK  [0m] Listening on LXD - unix socket.
[   17.827043] cloud-init[945]: Your identification has been saved in /etc/ssh/ssh_host_ed25519_key.
[   17.889235] cloud-init[945]: Your public key has been saved in /etc/ssh/ssh_host_ed25519_key.pub.
[   17.890805] cloud-init[945]: The key fingerprint is:
[[0;32m  OK  [0m] Started iSCSI initiator daemon (iscsid).
[   17.891202] cloud-init[945]: SHA256:vQQgmtWokLPMP9r73dbGcQvPZorcpdkUVz0JS3lyUyo root@ubuntu-xenial
[   17.930397] cloud-init[945]: The key's randomart image is:
[   17.933143] cloud-init[945]: +--[ED25519 256]--+
[   17.934617] cloud-init[945]: | .  oo.      o. o|
[   17.937049] cloud-init[945]: |+  +....    .oo=o|
[   17.939245] cloud-init[945]: |o+o.    .   E.=o+|
[   17.940286] cloud-init[945]: |.o.      o   .  o|
[   17.942778] cloud-init[945]: |  .     S o  . . |
[   17.944158] cloud-init[945]: |   o     . + .o  |
[   17.948871] cloud-init[945]: |  o .     + *o.  |
[   17.950229] cloud-init[945]: | . .  . o.o+**   |
[   17.951517] cloud-init[945]: |   .o. ..+.=+.   |
         Starting Login to default iSCSI targets...
[[0;32m  OK  [0m] Reached target Sockets.
[   17.953309] cloud-init[945]: +----[SHA256]-----+
[[0;32m  OK  [0m] Reached target Basic System.
[[0;32m  OK  [0m] Started ACPI event daemon.
[[0;32m  OK  [0m] Started FUSE filesystem for LXC.
         Starting System Logging Service...
[[0;32m  OK  [0m] Started Deferred execution scheduler.
[[0;32m  OK  [0m] Started Unattended Upgrades Shutdown.
         Starting Accounts Service...
         Starting LSB: Record successful boot for GRUB...
         Starting Pollinate to seed the pseudo random number generator...
[[0;32m  OK  [0m] Started Snappy daemon.
         Starting Auto import assertions from block devices...
         Starting Apply the settings specified in cloud-config...
[[0;32m  OK  [0m] Started Regular background program processing daemon.
         Starting LSB: MD monitoring daemon...
         Starting /etc/rc.local Compatibility...
[[0;32m  OK  [0m] Started D-Bus System Message Bus.
         Starting LXD - container startup/shutdown...
         Starting Login Service...
[[0;32m  OK  [0m] Started System Logging Service.
[[0;32m  OK  [0m] Started Auto import assertions from block devices.
[[0;32m  OK  [0m] Started /etc/rc.local Compatibility.
[[0;32m  OK  [0m] Started Login to default iSCSI targets.
[[0;32m  OK  [0m] Started LSB: Record successful boot for GRUB.
[[0;32m  OK  [0m] Started LSB: MD monitoring daemon.
[[0;32m  OK  [0m] Started LXD - container startup/shutdown.
[[0;32m  OK  [0m] Started Login Service.
         Starting Authenticate and Authorize Users to Run Privileged Tasks...
[[0;32m  OK  [0m] Reached target Remote File Systems (Pre).
[[0;32m  OK  [0m] Reached target Remote File Systems.
         Starting LSB: daemon to balance interrupts for SMP systems...
[   18.677697] cloud-init[1107]: Generating locales (this might take a while)...
         Starting LSB: automatic crash report generation...
         Starting LSB: VirtualBox Linux Additions...
         Starting LSB: Set the CPU Frequency Scaling governor to "ondemand"...
         Starting Permit User Sessions...
[[0;32m  OK  [0m] Started Pollinate to seed the pseudo random number generator.
[[0;32m  OK  [0m] Started Permit User Sessions.
[[0;32m  OK  [0m] Started Authenticate and Authorize Users to Run Privileged Tasks.
[[0;32m  OK  [0m] Started Accounts Service.
         Starting Terminate Plymouth Boot Screen...
         Starting Hold until boot process finishes up...
         Starting OpenBSD Secure Shell server...
[[0;32m  OK  [0m] Started OpenBSD Secure Shell server.
[[0;32m  OK  [0m] Started LSB: daemon to balance interrupts for SMP systems.
[[0;32m  OK  [0m] Started LSB: automatic crash report generation.
[[0;32m  OK  [0m] Started LSB: VirtualBox Linux Additions.
[[0;32m  OK  [0m] Started LSB: Set the CPU Frequency Scaling governor to "ondemand".
[[0;32m  OK  [0m] Started Terminate Plymouth Boot Screen.
[[0;32m  OK  [0m] Started Hold until boot process finishes up.
[[0;32m  OK  [0m] Started Getty on tty1.
         Starting Set console scheme...
[[0;32m  OK  [0m] Started Serial Getty on ttyS0.
[[0;32m  OK  [0m] Reached target Login Prompts.
[[0;32m  OK  [0m] Reached target Multi-User System.
[[0;32m  OK  [0m] Reached target Graphical Interface.
         Starting Update UTMP about System Runlevel Changes...
[[0;32m  OK  [0m] Started Set console scheme.
[[0;32m  OK  [0m] Started Update UTMP about System Runlevel Changes.
[   19.743861] cloud-init[1107]:   en_US.UTF-8... done
[   19.792881] cloud-init[1107]: Generation complete.
         Stopping OpenBSD Secure Shell server...
[[0;32m  OK  [0m] Stopped OpenBSD Secure Shell server.
         Starting OpenBSD Secure Shell server...
[[0;32m  OK  [0m] Started OpenBSD Secure Shell server.
[[0;32m  OK  [0m] Created slice User Slice of ubuntu.
         Starting User Manager for UID 1000...
[[0;32m  OK  [0m] Started Session 1 of user ubuntu.
[[0;32m  OK  [0m] Started User Manager for UID 1000.
[   20.266981] cloud-init[1107]: Cloud-init v. 0.7.9 running 'modules:config' at Sat, 21 Oct 2017 19:13:28 +0000. Up 18.51 seconds.
[[0;32m  OK  [0m] Started Apply the settings specified in cloud-config.
         Starting Execute cloud user/final scripts...
ci-info: no authorized ssh keys fingerprints found for user ubuntu.
<14>Oct 21 19:13:31 ec2: 
<14>Oct 21 19:13:31 ec2: #############################################################
<14>Oct 21 19:13:31 ec2: -----BEGIN SSH HOST KEY FINGERPRINTS-----
<14>Oct 21 19:13:31 ec2: 1024 SHA256:zmIJhn73PL0urKAQdby9nGXyXZNPORkolzqvlTKcI54 root@ubuntu-xenial (DSA)
<14>Oct 21 19:13:31 ec2: 256 SHA256:qzdhbDwXAnU2TVgCrh27u1/sf05vb7M4EeEyJ++CCeo root@ubuntu-xenial (ECDSA)
<14>Oct 21 19:13:31 ec2: 256 SHA256:vQQgmtWokLPMP9r73dbGcQvPZorcpdkUVz0JS3lyUyo root@ubuntu-xenial (ED25519)
<14>Oct 21 19:13:31 ec2: 2048 SHA256:bJ6w56eIzwhyDPyOp2HEzBl/97PaTS8tZXvk6YCptG0 root@ubuntu-xenial (RSA)
<14>Oct 21 19:13:31 ec2: -----END SSH HOST KEY FINGERPRINTS-----
<14>Oct 21 19:13:31 ec2: #############################################################
-----BEGIN SSH HOST KEY KEYS-----
ecdsa-sha2-nistp256 AAAAE2VjZHNhLXNoYTItbmlzdHAyNTYAAAAIbmlzdHAyNTYAAABBBJquAmzOxpGwKAVMxWixYHxhHO4pAjEleoCaWLja8ctRPLcL2qhEntwr6JYeZO8uNaKVZClhkQ64zOqaJGKT5o4= root@ubuntu-xenial
ssh-ed25519 AAAAC3NzaC1lZDI1NTE5AAAAIHNrPD/oj0lPsx9BjaCcd5AZxfniC0FGiRuQXvN0KZbF root@ubuntu-xenial
ssh-rsa AAAAB3NzaC1yc2EAAAADAQABAAABAQDCScSl2MhkKr72GgpwZPxrdQddVMrpQkiVVCcarmcLHxb39KLyB3rSHYGjdrPH5/uccLOm8E5JCyWInpdiV5vFk9dgJ+QTItD+Shs9IEXjC8dElgQlEfaML+LmjTZRotRdIB9iyyiBsh+678wct6gBpeHFi7uT2YlTRlMGZSGRWg1pdMkaiq44uFFVWzvyKQzrx3gKPqOCwm2l/IRpJ3Vxju2bPeSBowV9EhYSGIlv1SSmyW/ZAUOzWYmFt3CMghR3+ml/FwpgUAF8Ctz8Vmskxb5Plr1VZPEHi4j3KftX0YTnXyCR5v+EdedY+X54DvQqBPp7LQJ0AJWaqIJ2rbxh root@ubuntu-xenial
-----END SSH HOST KEY KEYS-----
[   21.260380] cloud-init[1379]: Cloud-init v. 0.7.9 running 'modules:final' at Sat, 21 Oct 2017 19:13:31 +0000. Up 20.78 seconds.
[   21.318053] cloud-init[1379]: ci-info: no authorized ssh keys fingerprints found for user ubuntu.
[   21.345761] cloud-init[1379]: Cloud-init v. 0.7.9 finished at Sat, 21 Oct 2017 19:13:31 +0000. Datasource DataSourceNoCloud [seed=/dev/sdb][dsmode=net].  Up 21.24 seconds
[[0;32m  OK  [0m] Started Execute cloud user/final scripts.
[[0;32m  OK  [0m] Reached target Cloud-init target.

Ubuntu 16.04.3 LTS ubuntu-xenial ttyS0

ubuntu-xenial login: 